0 info it worked if it ends with ok
1 verbose cli [ 'c:\\Program Files\\nodejs\\node.exe',
1 verbose cli   'c:\\Program Files\\nodejs\\node_modules\\npm\\bin\\npm-cli.js',
1 verbose cli   'install',
1 verbose cli   'ifioweu03934' ]
2 info using npm@1.4.28
3 info using node@v0.10.36
4 warn package.json fs@0.0.2 fs is also the name of a node core module.
5 warn package.json fs@0.0.2 No description
6 warn package.json fs@0.0.2 No repository field.
7 warn package.json x-frame-options@0.0.0 No repository field.
8 warn package.json crypto@0.0.3 crypto is also the name of a node core module.
9 verbose readDependencies using package.json deps
10 verbose cache add [ 'ifioweu03934', null ]
11 verbose cache add name=undefined spec="ifioweu03934" args=["ifioweu03934",null]
12 verbose parsed url { protocol: null,
12 verbose parsed url   slashes: null,
12 verbose parsed url   auth: null,
12 verbose parsed url   host: null,
12 verbose parsed url   port: null,
12 verbose parsed url   hostname: null,
12 verbose parsed url   hash: null,
12 verbose parsed url   search: null,
12 verbose parsed url   query: null,
12 verbose parsed url   pathname: 'ifioweu03934',
12 verbose parsed url   path: 'ifioweu03934',
12 verbose parsed url   href: 'ifioweu03934' }
13 silly lockFile ad231252-ifioweu03934 ifioweu03934
14 verbose lock ifioweu03934 C:\Users\USER\AppData\Roaming\npm-cache\ad231252-ifioweu03934.lock
15 silly lockFile ad231252-ifioweu03934 ifioweu03934
16 silly lockFile ad231252-ifioweu03934 ifioweu03934
17 verbose addNamed [ 'ifioweu03934', '' ]
18 verbose addNamed [ null, '*' ]
19 silly lockFile 434b9f00-ifioweu03934 ifioweu03934@
20 verbose lock ifioweu03934@ C:\Users\USER\AppData\Roaming\npm-cache\434b9f00-ifioweu03934.lock
21 silly addNameRange { name: 'ifioweu03934', range: '*', hasData: false }
22 verbose request where is /ifioweu03934
23 verbose request registry https://registry.npmjs.org/
24 verbose request id 3ffa526815235765
25 verbose url raw /ifioweu03934
26 verbose url resolving [ 'https://registry.npmjs.org/', './ifioweu03934' ]
27 verbose url resolved https://registry.npmjs.org/ifioweu03934
28 verbose request where is https://registry.npmjs.org/ifioweu03934
29 info trying registry request attempt 1 at 22:19:36
30 http GET https://registry.npmjs.org/ifioweu03934
31 http 404 https://registry.npmjs.org/ifioweu03934
32 verbose headers { date: 'Tue, 14 Apr 2015 14:19:36 GMT',
32 verbose headers   server: 'CouchDB/1.5.0 (Erlang OTP/R16B03)',
32 verbose headers   'content-type': 'application/json',
32 verbose headers   'cache-control': 'max-age=0',
32 verbose headers   'content-length': '51',
32 verbose headers   'accept-ranges': 'bytes',
32 verbose headers   via: '1.1 varnish',
32 verbose headers   age: '0',
32 verbose headers   'x-served-by': 'cache-hkg6820-HKG',
32 verbose headers   'x-cache': 'MISS',
32 verbose headers   'x-cache-hits': '0',
32 verbose headers   'x-timer': 'S1429021176.609764,VS0,VE239',
32 verbose headers   'keep-alive': 'timeout=10, max=50',
32 verbose headers   connection: 'Keep-Alive' }
33 silly registry.get cb [ 404,
33 silly registry.get   { date: 'Tue, 14 Apr 2015 14:19:36 GMT',
33 silly registry.get     server: 'CouchDB/1.5.0 (Erlang OTP/R16B03)',
33 silly registry.get     'content-type': 'application/json',
33 silly registry.get     'cache-control': 'max-age=0',
33 silly registry.get     'content-length': '51',
33 silly registry.get     'accept-ranges': 'bytes',
33 silly registry.get     via: '1.1 varnish',
33 silly registry.get     age: '0',
33 silly registry.get     'x-served-by': 'cache-hkg6820-HKG',
33 silly registry.get     'x-cache': 'MISS',
33 silly registry.get     'x-cache-hits': '0',
33 silly registry.get     'x-timer': 'S1429021176.609764,VS0,VE239',
33 silly registry.get     'keep-alive': 'timeout=10, max=50',
33 silly registry.get     connection: 'Keep-Alive' } ]
34 silly lockFile 434b9f00-ifioweu03934 ifioweu03934@
35 silly lockFile 434b9f00-ifioweu03934 ifioweu03934@
36 error 404 404 Not Found: ifioweu03934
36 error 404
36 error 404 'ifioweu03934' is not in the npm registry.
36 error 404 You should bug the author to publish it
36 error 404 It was specified as a dependency of 'shop63'
36 error 404
36 error 404 Note that you can also install from a
36 error 404 tarball, folder, or http url, or git url.
37 error System Windows_NT 6.2.9200
38 error command "c:\\Program Files\\nodejs\\node.exe" "c:\\Program Files\\nodejs\\node_modules\\npm\\bin\\npm-cli.js" "install" "ifioweu03934"
39 error cwd c:\Users\USER\Desktop\ierg4210\shop63
40 error node -v v0.10.36
41 error npm -v 1.4.28
42 error code E404
43 verbose exit [ 1, true ]
